2015-09-26 17:08:34 - Isucon5::PermissionDenied - Isucon5::PermissionDenied:
	/home/isucon/webapp/ruby/app.rb:355:in `block in <class:WebApp>'
	/home/isucon/.local/ruby/lib/ruby/gems/2.2.0/gems/sinatra-1.4.6/lib/sinatra/base.rb:1610:in `call'
	/home/isucon/.local/ruby/lib/ruby/gems/2.2.0/gems/sinatra-1.4.6/lib/sinatra/base.rb:1610:in `block in compile!'
	/home/isucon/.local/ruby/lib/ruby/gems/2.2.0/gems/sinatra-1.4.6/lib/sinatra/base.rb:974:in `[]'
	/home/isucon/.local/ruby/lib/ruby/gems/2.2.0/gems/sinatra-1.4.6/lib/sinatra/base.rb:974:in `block (3 levels) in route!'
	/home/isucon/.local/ruby/lib/ruby/gems/2.2.0/gems/sinatra-1.4.6/lib/sinatra/base.rb:993:in `route_eval'
	/home/isucon/.local/ruby/lib/ruby/gems/2.2.0/gems/sinatra-1.4.6/lib/sinatra/base.rb:974:in `block (2 levels) in route!'
	/home/isucon/.local/ruby/lib/ruby/gems/2.2.0/gems/sinatra-1.4.6/lib/sinatra/base.rb:1014:in `block in process_route'
	/home/isucon/.local/ruby/lib/ruby/gems/2.2.0/gems/sinatra-1.4.6/lib/sinatra/base.rb:1012:in `catch'
	/home/isucon/.local/ruby/lib/ruby/gems/2.2.0/gems/sinatra-1.4.6/lib/sinatra/base.rb:1012:in `process_route'
	/home/isucon/.local/ruby/lib/ruby/gems/2.2.0/gems/sinatra-1.4.6/lib/sinatra/base.rb:972:in `block in route!'
	/home/isucon/.local/ruby/lib/ruby/gems/2.2.0/gems/sinatra-1.4.6/lib/sinatra/base.rb:971:in `each'
	/home/isucon/.local/ruby/lib/ruby/gems/2.2.0/gems/sinatra-1.4.6/lib/sinatra/base.rb:971:in `route!'
	/home/isucon/.local/ruby/lib/ruby/gems/2.2.0/gems/sinatra-1.4.6/lib/sinatra/base.rb:1084:in `block in dispatch!'
	/home/isucon/.local/ruby/lib/ruby/gems/2.2.0/gems/sinatra-1.4.6/lib/sinatra/base.rb:1066:in `block in invoke'
	/home/isucon/.local/ruby/lib/ruby/gems/2.2.0/gems/sinatra-1.4.6/lib/sinatra/base.rb:1066:in `catch'
	/home/isucon/.local/ruby/lib/ruby/gems/2.2.0/gems/sinatra-1.4.6/lib/sinatra/base.rb:1066:in `invoke'
	/home/isucon/.local/ruby/lib/ruby/gems/2.2.0/gems/sinatra-1.4.6/lib/sinatra/base.rb:1081:in `dispatch!'
	/home/isucon/.local/ruby/lib/ruby/gems/2.2.0/gems/sinatra-1.4.6/lib/sinatra/base.rb:906:in `block in call!'
	/home/isucon/.local/ruby/lib/ruby/gems/2.2.0/gems/sinatra-1.4.6/lib/sinatra/base.rb:1066:in `block in invoke'
	/home/isucon/.local/ruby/lib/ruby/gems/2.2.0/gems/sinatra-1.4.6/lib/sinatra/base.rb:1066:in `catch'
	/home/isucon/.local/ruby/lib/ruby/gems/2.2.0/gems/sinatra-1.4.6/lib/sinatra/base.rb:1066:in `invoke'
	/home/isucon/.local/ruby/lib/ruby/gems/2.2.0/gems/sinatra-1.4.6/lib/sinatra/base.rb:906:in `call!'
	/home/isucon/.local/ruby/lib/ruby/gems/2.2.0/gems/sinatra-1.4.6/lib/sinatra/base.rb:894:in `call'
	/home/isucon/.local/ruby/lib/ruby/gems/2.2.0/bundler/gems/rack-lineprof-33be9c3e597b/lib/rack/lineprof.rb:30:in `block in call'
	/home/isucon/.local/ruby/lib/ruby/gems/2.2.0/bundler/gems/rack-lineprof-33be9c3e597b/lib/rack/lineprof.rb:30:in `lineprof'
	/home/isucon/.local/ruby/lib/ruby/gems/2.2.0/bundler/gems/rack-lineprof-33be9c3e597b/lib/rack/lineprof.rb:30:in `call'
	/home/isucon/.local/ruby/lib/ruby/gems/2.2.0/gems/rack-1.6.4/lib/rack/commonlogger.rb:33:in `call'
	/home/isucon/.local/ruby/lib/ruby/gems/2.2.0/gems/sinatra-1.4.6/lib/sinatra/base.rb:218:in `call'
	/home/isucon/.local/ruby/lib/ruby/gems/2.2.0/gems/rack-1.6.4/lib/rack/session/abstract/id.rb:225:in `context'
	/home/isucon/.local/ruby/lib/ruby/gems/2.2.0/gems/rack-1.6.4/lib/rack/session/abstract/id.rb:220:in `call'
	/home/isucon/.local/ruby/lib/ruby/gems/2.2.0/gems/rack-protection-1.5.3/lib/rack/protection/xss_header.rb:18:in `call'
	/home/isucon/.local/ruby/lib/ruby/gems/2.2.0/gems/rack-protection-1.5.3/lib/rack/protection/path_traversal.rb:16:in `call'
	/home/isucon/.local/ruby/lib/ruby/gems/2.2.0/gems/rack-protection-1.5.3/lib/rack/protection/json_csrf.rb:18:in `call'
	/home/isucon/.local/ruby/lib/ruby/gems/2.2.0/gems/rack-protection-1.5.3/lib/rack/protection/base.rb:49:in `call'
	/home/isucon/.local/ruby/lib/ruby/gems/2.2.0/gems/rack-protection-1.5.3/lib/rack/protection/base.rb:49:in `call'
	/home/isucon/.local/ruby/lib/ruby/gems/2.2.0/gems/rack-protection-1.5.3/lib/rack/protection/frame_options.rb:31:in `call'
	/home/isucon/.local/ruby/lib/ruby/gems/2.2.0/gems/rack-1.6.4/lib/rack/nulllogger.rb:9:in `call'
	/home/isucon/.local/ruby/lib/ruby/gems/2.2.0/gems/rack-1.6.4/lib/rack/head.rb:13:in `call'
	/home/isucon/.local/ruby/lib/ruby/gems/2.2.0/gems/sinatra-1.4.6/lib/sinatra/base.rb:181:in `call'
	/home/isucon/.local/ruby/lib/ruby/gems/2.2.0/gems/sinatra-1.4.6/lib/sinatra/base.rb:2021:in `call'
	/home/isucon/.local/ruby/lib/ruby/gems/2.2.0/gems/sinatra-1.4.6/lib/sinatra/base.rb:1486:in `block in call'
	/home/isucon/.local/ruby/lib/ruby/gems/2.2.0/gems/sinatra-1.4.6/lib/sinatra/base.rb:1795:in `synchronize'
	/home/isucon/.local/ruby/lib/ruby/gems/2.2.0/gems/sinatra-1.4.6/lib/sinatra/base.rb:1486:in `call'
	/home/isucon/.local/ruby/lib/ruby/gems/2.2.0/gems/unicorn-4.9.0/lib/unicorn/http_server.rb:580:in `process_client'
	/home/isucon/.local/ruby/lib/ruby/gems/2.2.0/gems/unicorn-4.9.0/lib/unicorn/http_server.rb:674:in `worker_loop'
	/home/isucon/.local/ruby/lib/ruby/gems/2.2.0/gems/unicorn-4.9.0/lib/unicorn/http_server.rb:529:in `spawn_missing_workers'
	/home/isucon/.local/ruby/lib/ruby/gems/2.2.0/gems/unicorn-4.9.0/lib/unicorn/http_server.rb:140:in `start'
	/home/isucon/.local/ruby/lib/ruby/gems/2.2.0/gems/unicorn-4.9.0/bin/unicorn:126:in `<top (required)>'
	/home/isucon/.local/ruby/bin/unicorn:23:in `load'
	/home/isucon/.local/ruby/bin/unicorn:23:in `<main>'
